#
# There is insufficient memory for the Java Runtime Environment to continue.
# Native memory allocation (malloc) failed to allocate 32744 bytes for ChunkPool::allocate
# Possible reasons:
#   The system is out of physical RAM or swap space
#   The process is running with CompressedOops enabled, and the Java Heap may be blocking the growth of the native heap
# Possible solutions:
#   Reduce memory load on the system
#   Increase physical memory or swap space
#   Check if swap backing store is full
#   Decrease Java heap size (-Xmx/-Xms)
#   Decrease number of Java threads
#   Decrease Java thread stack sizes (-Xss)
#   Set larger code cache with -XX:ReservedCodeCacheSize=
#   JVM is running with Unscaled Compressed Oops mode in which the Java heap is
#     placed in the first 4GB address space. The Java Heap base address is the
#     maximum limit for the native heap growth. Please use -XX:HeapBaseMinAddress
#     to set the Java Heap base and to place the Java Heap above 4GB virtual address.
# This output file may be truncated or incomplete.
#
#  Out of Memory Error (allocation.cpp:272), pid=8436, tid=0x00000000000006fc
#
# JRE version: Java(TM) SE Runtime Environment (8.0_281-b09) (build 1.8.0_281-b09)
# Java VM: Java HotSpot(TM) 64-Bit Server VM (25.281-b09 mixed mode windows-amd64 compressed oops)
# Failed to write core dump. Minidumps are not enabled by default on client versions of Windows
#

---------------  T H R E A D  ---------------

Current thread (0x000002937c948000):  JavaThread "C2 CompilerThread1" daemon [_thread_in_native, id=1788, stack(0x000000ba9d900000,0x000000ba9da00000)]

Stack: [0x000000ba9d900000,0x000000ba9da00000]
Native frames: (J=compiled Java code, j=interpreted, Vv=VM code, C=native code)
V  [jvm.dll+0x32e5b9]


Current CompileTask:
C2:   1970 1525       4       java.net.URLClassLoader$1::run (5 bytes)


---------------  P R O C E S S  ---------------

Java Threads: ( => current thread )
  0x000002937c9c8000 JavaThread "Service Thread" daemon [_thread_blocked, id=10548, stack(0x000000ba9db00000,0x000000ba9dc00000)]
  0x000002937c94c000 JavaThread "C1 CompilerThread2" daemon [_thread_blocked, id=616, stack(0x000000ba9da00000,0x000000ba9db00000)]
=>0x000002937c948000 JavaThread "C2 CompilerThread1" daemon [_thread_in_native, id=1788, stack(0x000000ba9d900000,0x000000ba9da00000)]
  0x000002937c941800 JavaThread "C2 CompilerThread0" daemon [_thread_blocked, id=10288, stack(0x000000ba9d800000,0x000000ba9d900000)]
  0x000002937c93f800 JavaThread "Attach Listener" daemon [_thread_blocked, id=3452, stack(0x000000ba9d700000,0x000000ba9d800000)]
  0x000002937c93e800 JavaThread "Signal Dispatcher" daemon [_thread_blocked, id=5624, stack(0x000000ba9d600000,0x000000ba9d700000)]
  0x000002936770a800 JavaThread "Finalizer" daemon [_thread_blocked, id=10932, stack(0x000000ba9d500000,0x000000ba9d600000)]
  0x000002937c915800 JavaThread "Reference Handler" daemon [_thread_blocked, id=8224, stack(0x000000ba9d400000,0x000000ba9d500000)]
  0x0000029367505800 JavaThread "main" [_thread_in_native, id=10920, stack(0x000000ba9ce00000,0x000000ba9cf00000)]

Other Threads:
  0x000002937c8f2800 VMThread [stack: 0x000000ba9d300000,0x000000ba9d400000] [id=1412]
  0x000002937c9eb800 WatcherThread [stack: 0x000000ba9dc00000,0x000000ba9dd00000] [id=3092]

VM state:not at safepoint (normal execution)

VM Mutex/Monitor currently owned by a thread: None

heap address: 0x00000000a1e00000, size: 1506 MB, Compressed Oops mode: 32-bit
Narrow klass base: 0x0000000000000000, Narrow klass shift: 3
Compressed class space size: 1073741824 Address: 0x0000000100000000

Heap:
 PSYoungGen      total 53248K, used 20885K [0x00000000e0a00000, 0x00000000e4200000, 0x0000000100000000)
  eden space 49152K, 42% used [0x00000000e0a00000,0x00000000e1e65570,0x00000000e3a00000)
  from space 4096K, 0% used [0x00000000e3a00000,0x00000000e3a00000,0x00000000e3e00000)
  to   space 4096K, 0% used [0x00000000e3e00000,0x00000000e3e00000,0x00000000e4200000)
 ParOldGen       total 43520K, used 4958K [0x00000000a1e00000, 0x00000000a4880000, 0x00000000e0a00000)
  object space 43520K, 11% used [0x00000000a1e00000,0x00000000a22d79f8,0x00000000a4880000)
 Metaspace       used 14536K, capacity 14806K, committed 14976K, reserved 1064960K
  class space    used 1786K, capacity 1878K, committed 1920K, reserved 1048576K

Card table byte_map: [0x00000293782c0000,0x00000293785c0000] byte_map_base: 0x0000029377db1000

Marking Bits: (ParMarkBitMap*) 0x0000000068776ff0
 Begin Bits: [0x00000293787c0000, 0x0000029379f48000)
 End Bits:   [0x0000029379f48000, 0x000002937b6d0000)

Polling page: 0x00000293674c0000

CodeCache: size=245760Kb used=5419Kb max_used=5419Kb free=240340Kb
 bounds [0x0000029368f00000, 0x0000029369450000, 0x0000029377f00000]
 total_blobs=1962 nmethods=1622 adapters=253
 compilation: enabled

Compilation events (10 events):
Event: 1.564 Thread 0x000002937c94c000 1615       3       java.io.FileOutputStream::write (12 bytes)
Event: 1.564 Thread 0x000002937c94c000 nmethod 1615 0x000002936944a7d0 code [0x000002936944a940, 0x000002936944aad0]
Event: 1.564 Thread 0x000002937c94c000 1607       3       sun.nio.cs.SingleByte$Encoder::encode (32 bytes)
Event: 1.565 Thread 0x000002937c94c000 nmethod 1607 0x000002936944ab90 code [0x000002936944ad00, 0x000002936944af18]
Event: 1.565 Thread 0x000002937c94c000 1608       3       java.io.OutputStreamWriter::flushBuffer (8 bytes)
Event: 1.565 Thread 0x000002937c94c000 nmethod 1608 0x000002936944b050 code [0x000002936944b1c0, 0x000002936944b350]
Event: 1.565 Thread 0x000002937c94c000 1609   !   3       sun.nio.cs.StreamEncoder::flushBuffer (42 bytes)
Event: 1.565 Thread 0x000002937c94c000 nmethod 1609 0x000002936944b410 code [0x000002936944b5c0, 0x000002936944bb60]
Event: 1.565 Thread 0x000002937c94c000 1610       3       sun.nio.cs.StreamEncoder::implFlushBuffer (15 bytes)
Event: 1.565 Thread 0x000002937c94c000 nmethod 1610 0x000002936944be10 code [0x000002936944bf80, 0x000002936944c1f0]

GC Heap History (8 events):
Event: 0.568 GC heap before
{Heap before GC invocations=1 (full 0):
 PSYoungGen      total 28672K, used 24576K [0x00000000e0a00000, 0x00000000e2a00000, 0x0000000100000000)
  eden space 24576K, 100% used [0x00000000e0a00000,0x00000000e2200000,0x00000000e2200000)
  from space 4096K, 0% used [0x00000000e2600000,0x00000000e2600000,0x00000000e2a00000)
  to   space 4096K, 0% used [0x00000000e2200000,0x00000000e2200000,0x00000000e2600000)
 ParOldGen       total 65536K, used 0K [0x00000000a1e00000, 0x00000000a5e00000, 0x00000000e0a00000)
  object space 65536K, 0% used [0x00000000a1e00000,0x00000000a1e00000,0x00000000a5e00000)
 Metaspace       used 7800K, capacity 7916K, committed 8192K, reserved 1056768K
  class space    used 937K, capacity 984K, committed 1024K, reserved 1048576K
Event: 0.574 GC heap after
Heap after GC invocations=1 (full 0):
 PSYoungGen      total 28672K, used 4095K [0x00000000e0a00000, 0x00000000e4200000, 0x0000000100000000)
  eden space 24576K, 0% used [0x00000000e0a00000,0x00000000e0a00000,0x00000000e2200000)
  from space 4096K, 99% used [0x00000000e2200000,0x00000000e25ffee8,0x00000000e2600000)
  to   space 4096K, 0% used [0x00000000e3e00000,0x00000000e3e00000,0x00000000e4200000)
 ParOldGen       total 65536K, used 473K [0x00000000a1e00000, 0x00000000a5e00000, 0x00000000e0a00000)
  object space 65536K, 0% used [0x00000000a1e00000,0x00000000a1e765c8,0x00000000a5e00000)
 Metaspace       used 7800K, capacity 7916K, committed 8192K, reserved 1056768K
  class space    used 937K, capacity 984K, committed 1024K, reserved 1048576K
}
Event: 0.848 GC heap before
{Heap before GC invocations=2 (full 0):
 PSYoungGen      total 28672K, used 28671K [0x00000000e0a00000, 0x00000000e4200000, 0x0000000100000000)
  eden space 24576K, 100% used [0x00000000e0a00000,0x00000000e2200000,0x00000000e2200000)
  from space 4096K, 99% used [0x00000000e2200000,0x00000000e25ffee8,0x00000000e2600000)
  to   space 4096K, 0% used [0x00000000e3e00000,0x00000000e3e00000,0x00000000e4200000)
 ParOldGen       total 65536K, used 473K [0x00000000a1e00000, 0x00000000a5e00000, 0x00000000e0a00000)
  object space 65536K, 0% used [0x00000000a1e00000,0x00000000a1e765c8,0x00000000a5e00000)
 Metaspace       used 9588K, capacity 9706K, committed 9984K, reserved 1058816K
  class space    used 1152K, capacity 1214K, committed 1280K, reserved 1048576K
Event: 0.852 GC heap after
Heap after GC invocations=2 (full 0):
 PSYoungGen      total 53248K, used 4072K [0x00000000e0a00000, 0x00000000e4200000, 0x0000000100000000)
  eden space 49152K, 0% used [0x00000000e0a00000,0x00000000e0a00000,0x00000000e3a00000)
  from space 4096K, 99% used [0x00000000e3e00000,0x00000000e41fa2f8,0x00000000e4200000)
  to   space 4096K, 0% used [0x00000000e3a00000,0x00000000e3a00000,0x00000000e3e00000)
 ParOldGen       total 65536K, used 1144K [0x00000000a1e00000, 0x00000000a5e00000, 0x00000000e0a00000)
  object space 65536K, 1% used [0x00000000a1e00000,0x00000000a1f1e360,0x00000000a5e00000)
 Metaspace       used 9588K, capacity 9706K, committed 9984K, reserved 1058816K
  class space    used 1152K, capacity 1214K, committed 1280K, reserved 1048576K
}
Event: 1.109 GC heap before
{Heap before GC invocations=3 (full 0):
 PSYoungGen      total 53248K, used 24987K [0x00000000e0a00000, 0x00000000e4200000, 0x0000000100000000)
  eden space 49152K, 42% used [0x00000000e0a00000,0x00000000e1e6c960,0x00000000e3a00000)
  from space 4096K, 99% used [0x00000000e3e00000,0x00000000e41fa2f8,0x00000000e4200000)
  to   space 4096K, 0% used [0x00000000e3a00000,0x00000000e3a00000,0x00000000e3e00000)
 ParOldGen       total 65536K, used 1144K [0x00000000a1e00000, 0x00000000a5e00000, 0x00000000e0a00000)
  object space 65536K, 1% used [0x00000000a1e00000,0x00000000a1f1e360,0x00000000a5e00000)
 Metaspace       used 11825K, capacity 11986K, committed 12160K, reserved 1064960K
  class space    used 1466K, capacity 1544K, committed 1664K, reserved 1048576K
Event: 1.114 GC heap after
Heap after GC invocations=3 (full 0):
 PSYoungGen      total 53248K, used 4072K [0x00000000e0a00000, 0x00000000e4200000, 0x0000000100000000)
  eden space 49152K, 0% used [0x00000000e0a00000,0x00000000e0a00000,0x00000000e3a00000)
  from space 4096K, 99% used [0x00000000e3a00000,0x00000000e3dfa348,0x00000000e3e00000)
  to   space 4096K, 0% used [0x00000000e3e00000,0x00000000e3e00000,0x00000000e4200000)
 ParOldGen       total 65536K, used 2165K [0x00000000a1e00000, 0x00000000a5e00000, 0x00000000e0a00000)
  object space 65536K, 3% used [0x00000000a1e00000,0x00000000a201d580,0x00000000a5e00000)
 Metaspace       used 11825K, capacity 11986K, committed 12160K, reserved 1064960K
  class space    used 1466K, capacity 1544K, committed 1664K, reserved 1048576K
}
Event: 1.115 GC heap before
{Heap before GC invocations=4 (full 1):
 PSYoungGen      total 53248K, used 4072K [0x00000000e0a00000, 0x00000000e4200000, 0x0000000100000000)
  eden space 49152K, 0% used [0x00000000e0a00000,0x00000000e0a00000,0x00000000e3a00000)
  from space 4096K, 99% used [0x00000000e3a00000,0x00000000e3dfa348,0x00000000e3e00000)
  to   space 4096K, 0% used [0x00000000e3e00000,0x00000000e3e00000,0x00000000e4200000)
 ParOldGen       total 65536K, used 2165K [0x00000000a1e00000, 0x00000000a5e00000, 0x00000000e0a00000)
  object space 65536K, 3% used [0x00000000a1e00000,0x00000000a201d580,0x00000000a5e00000)
 Metaspace       used 11825K, capacity 11986K, committed 12160K, reserved 1064960K
  class space    used 1466K, capacity 1544K, committed 1664K, reserved 1048576K
Event: 1.131 GC heap after
Heap after GC invocations=4 (full 1):
 PSYoungGen      total 53248K, used 0K [0x00000000e0a00000, 0x00000000e4200000, 0x0000000100000000)
  eden space 49152K, 0% used [0x00000000e0a00000,0x00000000e0a00000,0x00000000e3a00000)
  from space 4096K, 0% used [0x00000000e3a00000,0x00000000e3a00000,0x00000000e3e00000)
  to   space 4096K, 0% used [0x00000000e3e00000,0x00000000e3e00000,0x00000000e4200000)
 ParOldGen       total 43520K, used 4958K [0x00000000a1e00000, 0x00000000a4880000, 0x00000000e0a00000)
  object space 43520K, 11% used [0x00000000a1e00000,0x00000000a22d79f8,0x00000000a4880000)
 Metaspace       used 11825K, capacity 11986K, committed 12160K, reserved 1062912K
  class space    used 1466K, capacity 1544K, committed 1664K, reserved 1048576K
}

Deoptimization events (9 events):
Event: 0.365 Thread 0x0000029367505800 Uncommon trap: reason=unstable_if action=reinterpret pc=0x0000029369080cec method=java.lang.String.indexOf([CII[CIII)I @ 3
Event: 0.524 Thread 0x0000029367505800 Uncommon trap: reason=unstable_if action=reinterpret pc=0x00000293690ceda4 method=org.codehaus.plexus.util.xml.pull.MXParser.more()C @ 8
Event: 0.617 Thread 0x0000029367505800 Uncommon trap: reason=unstable_if action=reinterpret pc=0x00000293691db6cc method=org.codehaus.plexus.util.xml.pull.MXParser.nextImpl()I @ 241
Event: 0.669 Thread 0x0000029367505800 Uncommon trap: reason=unstable_if action=reinterpret pc=0x00000293691780c0 method=java.util.HashMap.getNode(ILjava/lang/Object;)Ljava/util/HashMap$Node; @ 129
Event: 0.669 Thread 0x0000029367505800 Uncommon trap: reason=unstable_if action=reinterpret pc=0x000002936916d724 method=java.util.HashMap.getNode(ILjava/lang/Object;)Ljava/util/HashMap$Node; @ 129
Event: 0.678 Thread 0x0000029367505800 Uncommon trap: reason=range_check action=make_not_entrant pc=0x0000029369212da0 method=sun.reflect.generics.parser.SignatureParser.current()C @ 34
Event: 1.374 Thread 0x0000029367505800 Uncommon trap: reason=unstable_if action=reinterpret pc=0x00000293693e59d0 method=org.eclipse.sisu.inject.InjectorBindings.isAssignableFrom(Lcom/google/inject/TypeLiteral;Lcom/google/inject/Binding;)Z @ 14
Event: 1.513 Thread 0x0000029367505800 Uncommon trap: reason=unstable_if action=reinterpret pc=0x000002936909c55c method=java.lang.String.replace(CC)Ljava/lang/String; @ 2
Event: 1.518 Thread 0x0000029367505800 Uncommon trap: reason=unstable_if action=reinterpret pc=0x0000029369323688 method=java.lang.String.substring(I)Ljava/lang/String; @ 35

Classes redefined (0 events):
No events

Internal exceptions (10 events):
Event: 0.678 Thread 0x0000029367505800 Exception <a 'java/lang/ArrayIndexOutOfBoundsException': 66> (0x00000000e136c650) thrown at [C:\jenkins\workspace\8-2-build-windows-amd64-cygwin\jdk8u281\880\hotspot\src\share\vm\interpreter\interpreterRuntime.cpp, line 371]
Event: 1.251 Thread 0x0000029367505800 Exception <a 'java/lang/NoClassDefFoundError': com/google/inject/servlet/ServletModuleTargetVisitor> (0x00000000e10f7970) thrown at [C:\jenkins\workspace\8-2-build-windows-amd64-cygwin\jdk8u281\880\hotspot\src\share\vm\classfile\systemDictionary.cpp, line
Event: 1.251 Thread 0x0000029367505800 Exception <a 'java/lang/NoClassDefFoundError'> (0x00000000e10f7970) thrown at [C:\jenkins\workspace\8-2-build-windows-amd64-cygwin\jdk8u281\880\hotspot\src\share\vm\prims\jvm.cpp, line 1516]
Event: 1.251 Thread 0x0000029367505800 Exception <a 'java/lang/NoClassDefFoundError': javax/annotation/Priority> (0x00000000e10fc9e0) thrown at [C:\jenkins\workspace\8-2-build-windows-amd64-cygwin\jdk8u281\880\hotspot\src\share\vm\classfile\systemDictionary.cpp, line 201]
Event: 1.438 Thread 0x0000029367505800 Exception <a 'java/lang/NullPointerException'> (0x00000000e184afc0) thrown at [C:\jenkins\workspace\8-2-build-windows-amd64-cygwin\jdk8u281\880\hotspot\src\share\vm\interpreter\linkResolver.cpp, line 1185]
Event: 1.438 Thread 0x0000029367505800 Exception <a 'java/lang/NullPointerException'> (0x00000000e184b1d8) thrown at [C:\jenkins\workspace\8-2-build-windows-amd64-cygwin\jdk8u281\880\hotspot\src\share\vm\interpreter\linkResolver.cpp, line 1185]
Event: 1.438 Thread 0x0000029367505800 Exception <a 'java/lang/NullPointerException'> (0x00000000e184b3f0) thrown at [C:\jenkins\workspace\8-2-build-windows-amd64-cygwin\jdk8u281\880\hotspot\src\share\vm\interpreter\linkResolver.cpp, line 1185]
Event: 1.439 Thread 0x0000029367505800 Exception <a 'java/lang/NullPointerException'> (0x00000000e18539f0) thrown at [C:\jenkins\workspace\8-2-build-windows-amd64-cygwin\jdk8u281\880\hotspot\src\share\vm\interpreter\linkResolver.cpp, line 1185]
Event: 1.439 Thread 0x0000029367505800 Exception <a 'java/lang/NullPointerException'> (0x00000000e1853c08) thrown at [C:\jenkins\workspace\8-2-build-windows-amd64-cygwin\jdk8u281\880\hotspot\src\share\vm\interpreter\linkResolver.cpp, line 1185]
Event: 1.439 Thread 0x0000029367505800 Exception <a 'java/lang/NullPointerException'> (0x00000000e1853e20) thrown at [C:\jenkins\workspace\8-2-build-windows-amd64-cygwin\jdk8u281\880\hotspot\src\share\vm\interpreter\linkResolver.cpp, line 1185]

Events (10 events):
Event: 1.544 loading class org/eclipse/aether/util/repository/ChainedWorkspaceReader
Event: 1.544 loading class org/eclipse/aether/util/repository/ChainedWorkspaceReader done
Event: 1.545 loading class org/apache/maven/execution/MavenSession
Event: 1.545 loading class org/apache/maven/execution/MavenSession done
Event: 1.545 loading class org/codehaus/plexus/PlexusContainer
Event: 1.545 loading class org/codehaus/plexus/PlexusContainer done
Event: 1.546 loading class org/netbeans/shaded/json/simple/JSONArray
Event: 1.546 loading class org/netbeans/shaded/json/simple/JSONArray done
Event: 1.546 loading class org/codehaus/plexus/classworlds/realm/ClassRealm
Event: 1.546 loading class org/codehaus/plexus/classworlds/realm/ClassRealm done


Dynamic libraries:
0x00007ff72a470000 - 0x00007ff72a4b7000 	C:\Program Files\Java\jdk1.8.0_281\bin\java.exe
0x00007ffea26f0000 - 0x00007ffea28e8000 	C:\windows\SYSTEM32\ntdll.dll
0x00007ffea23d0000 - 0x00007ffea248d000 	C:\windows\System32\KERNEL32.DLL
0x00007ffe9fec0000 - 0x00007ffea018e000 	C:\windows\System32\KERNELBASE.dll
0x00007ffea1a30000 - 0x00007ffea1ade000 	C:\windows\System32\ADVAPI32.dll
0x00007ffea1290000 - 0x00007ffea132e000 	C:\windows\System32\msvcrt.dll
0x00007ffea1cf0000 - 0x00007ffea1d8c000 	C:\windows\System32\sechost.dll
0x00007ffea22a0000 - 0x00007ffea23c5000 	C:\windows\System32\RPCRT4.dll
0x00007ffea2100000 - 0x00007ffea22a0000 	C:\windows\System32\USER32.dll
0x00007ffea0720000 - 0x00007ffea0742000 	C:\windows\System32\win32u.dll
0x00007ffea0760000 - 0x00007ffea078a000 	C:\windows\System32\GDI32.dll
0x00007ffea02f0000 - 0x00007ffea03fb000 	C:\windows\System32\gdi32full.dll
0x00007ffea0190000 - 0x00007ffea022d000 	C:\windows\System32\msvcp_win.dll
0x00007ffea0620000 - 0x00007ffea0720000 	C:\windows\System32\ucrtbase.dll
0x00007ffe85700000 - 0x00007ffe8599a000 	C:\windows\WinSxS\amd64_microsoft.windows.common-controls_6595b64144ccf1df_6.0.19041.1110_none_60b5254171f9507e\COMCTL32.dll
0x00007ffea1cc0000 - 0x00007ffea1cf0000 	C:\windows\System32\IMM32.DLL
0x00007ffe7f9b0000 - 0x00007ffe7f9c5000 	C:\Program Files\Java\jdk1.8.0_281\jre\bin\vcruntime140.dll
0x00007ffe4bb80000 - 0x00007ffe4bc1b000 	C:\Program Files\Java\jdk1.8.0_281\jre\bin\msvcp140.dll
0x0000000067f90000 - 0x00000000687ef000 	C:\Program Files\Java\jdk1.8.0_281\jre\bin\server\jvm.dll
0x00007ffea20f0000 - 0x00007ffea20f8000 	C:\windows\System32\PSAPI.DLL
0x00007ffe9aaa0000 - 0x00007ffe9aaa9000 	C:\windows\SYSTEM32\WSOCK32.dll
0x00007ffe99640000 - 0x00007ffe9964a000 	C:\windows\SYSTEM32\VERSION.dll
0x00007ffea08e0000 - 0x00007ffea094b000 	C:\windows\System32\WS2_32.dll
0x00007ffe94530000 - 0x00007ffe94557000 	C:\windows\SYSTEM32\WINMM.dll
0x00007ffe9dcc0000 - 0x00007ffe9dcd2000 	C:\windows\SYSTEM32\kernel.appcore.dll
0x00007ffe84940000 - 0x00007ffe84950000 	C:\Program Files\Java\jdk1.8.0_281\jre\bin\verify.dll
0x00007ffe7f980000 - 0x00007ffe7f9ab000 	C:\Program Files\Java\jdk1.8.0_281\jre\bin\java.dll
0x00007ffe7ea00000 - 0x00007ffe7ea18000 	C:\Program Files\Java\jdk1.8.0_281\jre\bin\zip.dll
0x00007ffea0950000 - 0x00007ffea1093000 	C:\windows\System32\SHELL32.dll
0x00007ffe9dec0000 - 0x00007ffe9e655000 	C:\windows\SYSTEM32\windows.storage.dll
0x00007ffea1d90000 - 0x00007ffea20e4000 	C:\windows\System32\combase.dll
0x00007ffe9f7a0000 - 0x00007ffe9f7d0000 	C:\windows\SYSTEM32\Wldp.dll
0x00007ffea25a0000 - 0x00007ffea264d000 	C:\windows\System32\SHCORE.dll
0x00007ffea2650000 - 0x00007ffea26a5000 	C:\windows\System32\shlwapi.dll
0x00007ffe9fd50000 - 0x00007ffe9fd6f000 	C:\windows\SYSTEM32\profapi.dll
0x00007ffe9aad0000 - 0x00007ffe9aada000 	C:\Program Files\NetBeans-12.4\netbeans\java\maven\lib\jansi-native\windows64\jansi.dll

VM Arguments:
jvm_args: -Dclassworlds.conf=C:\Program Files\NetBeans-12.4\netbeans\java\maven\bin\..\bin\m2.conf -Dmaven.home=C:\Program Files\NetBeans-12.4\netbeans\java\maven\bin\.. -Dlibrary.jansi.path=C:\Program Files\NetBeans-12.4\netbeans\java\maven\bin\..\lib\jansi-native -Dmaven.multiModuleProjectDirectory=C:\Users\User\Documents\NetBeansProjects\projekpertama 
java_command: org.codehaus.plexus.classworlds.launcher.Launcher -Dexec.vmArgs= -Dexec.args=${exec.vmArgs} -classpath %classpath ${exec.mainClass} ${exec.appArgs} -Dexec.appArgs= -Dexec.mainClass=com.mycompany.projekpertama.ContohBuffer -Dexec.executable=C:\Program Files\Java\jdk1.8.0_281\bin\java.exe -Dmaven.ext.class.path=C:\Program Files\NetBeans-12.4\netbeans\java\maven-nblib\netbeans-eventspy.jar -Dfile.encoding=UTF-8 org.codehaus.mojo:exec-maven-plugin:3.0.0:exec
java_class_path (initial): C:\Program Files\NetBeans-12.4\netbeans\java\maven\bin\..\boot\plexus-classworlds-2.6.0.jar
Launcher Type: SUN_STANDARD

Environment Variables:
JAVA_HOME=C:\Program Files\Java\jdk1.8.0_281
PATH=C:\windows\system32;C:\windows;C:\windows\System32\Wbem;C:\windows\System32\WindowsPowerShell\v1.0\;C:\windows\System32\OpenSSH\;C:\Program Files\Java\jdk1.8.0_281\bin;C:\Users\User\AppData\Local\Android\Sdk\platform-tools\;C:\xampp\php;C:\composer;C:\Program Files\PostgreSQL\14\bin;D:\app\nodejs\;C:\Program Files\Docker\Docker\resources\bin;C:\ProgramData\DockerDesktop\version-bin;C:\Program Files\Git\cmd;C:\Program Files\MySQL\MySQL Shell 8.0\bin\;C:\Users\User\AppData\Local\Programs\Python\Python310\Scripts\;C:\Users\User\AppData\Local\Programs\Python\Python310\;C:\Users\User\AppData\Local\Microsoft\WindowsApps;C:\flutter\bin;C:\Users\User\AppData\Roaming\Composer\vendor\bin;D:\java\IntelliJ IDEA 2021.3.1\bin;;C:\Users\User\AppData\Local\Programs\Microsoft VS Code\bin;C:\Users\User\AppData\Roaming\npm
USERNAME=User
OS=Windows_NT
PROCESSOR_IDENTIFIER=AMD64 Family 23 Model 24 Stepping 1, AuthenticAMD



---------------  S Y S T E M  ---------------

OS: Windows 10.0 , 64 bit Build 19041 (10.0.19041.1889)

CPU:total 4 (initial active 4) (4 cores per cpu, 1 threads per core) family 23 model 24 stepping 1, cmov, cx8, fxsr, mmx, sse, sse2, sse3, ssse3, sse4.1, sse4.2, popcnt, avx, avx2, aes, clmul, mmxext, 3dnowpref, lzcnt, sse4a, tsc, tscinvbit, tscinv, bmi1

Memory: 4k page, physical 6168260k(2077156k free), swap 6168260k(4104k free)

vm_info: Java HotSpot(TM) 64-Bit Server VM (25.281-b09) for windows-amd64 JRE (1.8.0_281-b09), built on Dec  9 2020 13:54:07 by "" with MS VC++ 15.9 (VS2017)

time: Tue Sep 20 14:39:14 2022
timezone: SE Asia Standard Time
elapsed time: 1.975941 seconds (0d 0h 0m 1s)

